2023-10-30 12:20:54,634 ERROR root Weapon '('Lewis Gun',)' not found in database table weapon
2023-10-30 12:20:54,634 ERROR root Weapon '('Rifle No.4 Mk I',)' not found in database table weapon
2023-10-30 12:20:54,634 ERROR root Weapon '('Bren Gun',)' not found in database table weapon
2023-10-30 12:20:54,634 ERROR root Weapon '('Rifle No.5 Mk I',)' not found in database table weapon
2023-10-30 12:20:54,634 ERROR root Weapon '('Lee-Enfield Pattern 1914',)' not found in database table weapon
2023-10-30 12:20:54,634 ERROR root Weapon '('Cromwell',)' not found in database table weapon
2023-10-30 12:20:54,634 ERROR root Weapon '('HULL BESA [Cromwell]',)' not found in database table weapon
2023-10-30 12:20:54,634 ERROR root Weapon '('COAXIAL BESA [Cromwell]',)' not found in database table weapon
2023-10-30 12:20:54,635 ERROR root Weapon '('QF 17-POUNDER [Firefly]',)' not found in database table weapon
2023-10-30 12:20:54,635 ERROR root Weapon '('Sten Gun',)' not found in database table weapon
2023-10-30 12:20:54,635 ERROR root Weapon '('Lanchester',)' not found in database table weapon
2023-10-30 12:20:54,635 ERROR root Weapon '('Mills Bomb',)' not found in database table weapon
2023-10-30 12:20:54,635 ERROR root Weapon '('COAXIAL BESA',)' not found in database table weapon
2023-10-30 12:20:54,635 ERROR root Weapon '('COAXIAL BESA [Daimler]',)' not found in database table weapon
2023-10-30 12:20:54,635 ERROR root Weapon '('QF 2-POUNDER [Daimler]',)' not found in database table weapon
2023-10-30 12:20:54,635 ERROR root Weapon '('Boys Anti-tank Rifle',)' not found in database table weapon
2023-10-30 12:20:54,635 ERROR root Weapon '('Lee-Enfield Pattern 1914 Sniper',)' not found in database table weapon
2023-10-30 12:20:54,635 ERROR root Weapon '('QF 75MM [Cromwell]',)' not found in database table weapon
2023-10-30 12:20:54,635 ERROR root Weapon '('PIAT',)' not found in database table weapon
2023-10-30 12:20:54,635 ERROR root Weapon '('Webley MK VI',)' not found in database table weapon
2023-10-30 12:20:54,635 ERROR root Error in HLL_DW_DBLoad.py sqlCheckNotRegisteredWeapons 1 || args:  || ErrDesc:  ||ErrMsg: Error: Match stats contains weapons not registered in database. See log file to get the new weapons that must be loaded into table weapon before load this match CMID = 1, map_id = 1526488
